mode: set
git.datitech.com/ctrra/backend/internal/rules/parser/parser.go:14.26,16.2 1 1
git.datitech.com/ctrra/backend/internal/rules/parser/parser.go:19.59,21.55 2 1
git.datitech.com/ctrra/backend/internal/rules/parser/parser.go:21.55,23.3 1 1
git.datitech.com/ctrra/backend/internal/rules/parser/parser.go:26.2,26.45 1 1
git.datitech.com/ctrra/backend/internal/rules/parser/parser.go:26.45,28.3 1 0
git.datitech.com/ctrra/backend/internal/rules/parser/parser.go:30.2,30.22 1 1
git.datitech.com/ctrra/backend/internal/rules/parser/parser.go:34.55,35.27 1 1
git.datitech.com/ctrra/backend/internal/rules/parser/parser.go:35.27,37.3 1 1
git.datitech.com/ctrra/backend/internal/rules/parser/parser.go:40.2,40.51 1 1
git.datitech.com/ctrra/backend/internal/rules/parser/parser.go:40.51,41.87 1 1
git.datitech.com/ctrra/backend/internal/rules/parser/parser.go:41.87,43.4 1 1
git.datitech.com/ctrra/backend/internal/rules/parser/parser.go:46.2,46.57 1 1
git.datitech.com/ctrra/backend/internal/rules/parser/parser.go:46.57,47.90 1 1
git.datitech.com/ctrra/backend/internal/rules/parser/parser.go:47.90,49.4 1 0
git.datitech.com/ctrra/backend/internal/rules/parser/parser.go:52.2,52.12 1 1
git.datitech.com/ctrra/backend/internal/rules/parser/parser.go:56.99,57.17 1 1
git.datitech.com/ctrra/backend/internal/rules/parser/parser.go:57.17,59.3 1 1
git.datitech.com/ctrra/backend/internal/rules/parser/parser.go:61.2,61.19 1 1
git.datitech.com/ctrra/backend/internal/rules/parser/parser.go:62.18,64.22 1 1
git.datitech.com/ctrra/backend/internal/rules/parser/parser.go:64.22,66.4 1 0
git.datitech.com/ctrra/backend/internal/rules/parser/parser.go:67.3,67.22 1 1
git.datitech.com/ctrra/backend/internal/rules/parser/parser.go:67.22,68.49 1 1
git.datitech.com/ctrra/backend/internal/rules/parser/parser.go:68.49,70.5 1 1
git.datitech.com/ctrra/backend/internal/rules/parser/parser.go:73.19,74.32 1 1
git.datitech.com/ctrra/backend/internal/rules/parser/parser.go:74.32,76.4 1 1
git.datitech.com/ctrra/backend/internal/rules/parser/parser.go:77.3,77.40 1 1
git.datitech.com/ctrra/backend/internal/rules/parser/parser.go:77.40,78.63 1 1
git.datitech.com/ctrra/backend/internal/rules/parser/parser.go:78.63,80.5 1 0
git.datitech.com/ctrra/backend/internal/rules/parser/parser.go:83.13,84.28 1 1
git.datitech.com/ctrra/backend/internal/rules/parser/parser.go:84.28,86.4 1 1
git.datitech.com/ctrra/backend/internal/rules/parser/parser.go:87.3,87.56 1 1
git.datitech.com/ctrra/backend/internal/rules/parser/parser.go:89.60,90.23 1 1
git.datitech.com/ctrra/backend/internal/rules/parser/parser.go:90.23,92.4 1 1
git.datitech.com/ctrra/backend/internal/rules/parser/parser.go:93.3,93.28 1 1
git.datitech.com/ctrra/backend/internal/rules/parser/parser.go:93.28,95.4 1 1
git.datitech.com/ctrra/backend/internal/rules/parser/parser.go:97.64,98.23 1 1
git.datitech.com/ctrra/backend/internal/rules/parser/parser.go:98.23,100.4 1 1
git.datitech.com/ctrra/backend/internal/rules/parser/parser.go:102.26,103.23 1 1
git.datitech.com/ctrra/backend/internal/rules/parser/parser.go:103.23,105.4 1 1
git.datitech.com/ctrra/backend/internal/rules/parser/parser.go:106.3,106.43 1 1
git.datitech.com/ctrra/backend/internal/rules/parser/parser.go:106.43,108.4 1 1
git.datitech.com/ctrra/backend/internal/rules/parser/parser.go:110.17,111.42 1 1
git.datitech.com/ctrra/backend/internal/rules/parser/parser.go:111.42,113.4 1 1
git.datitech.com/ctrra/backend/internal/rules/parser/parser.go:115.52,115.52 0 1
git.datitech.com/ctrra/backend/internal/rules/parser/parser.go:118.10,119.62 1 1
git.datitech.com/ctrra/backend/internal/rules/parser/parser.go:122.2,122.12 1 1
git.datitech.com/ctrra/backend/internal/rules/evaluator/evaluator.go:19.52,23.2 1 1
git.datitech.com/ctrra/backend/internal/rules/evaluator/evaluator.go:26.79,35.26 2 1
git.datitech.com/ctrra/backend/internal/rules/evaluator/evaluator.go:35.26,37.3 1 1
git.datitech.com/ctrra/backend/internal/rules/evaluator/evaluator.go:38.2,38.28 1 1
git.datitech.com/ctrra/backend/internal/rules/evaluator/evaluator.go:38.28,41.43 2 1
git.datitech.com/ctrra/backend/internal/rules/evaluator/evaluator.go:41.43,43.4 1 0
git.datitech.com/ctrra/backend/internal/rules/evaluator/evaluator.go:47.2,47.49 1 1
git.datitech.com/ctrra/backend/internal/rules/evaluator/evaluator.go:47.49,49.17 2 1
git.datitech.com/ctrra/backend/internal/rules/evaluator/evaluator.go:49.17,51.4 1 0
git.datitech.com/ctrra/backend/internal/rules/evaluator/evaluator.go:53.3,53.14 1 1
git.datitech.com/ctrra/backend/internal/rules/evaluator/evaluator.go:53.14,60.36 2 1
git.datitech.com/ctrra/backend/internal/rules/evaluator/evaluator.go:60.36,63.5 2 1
git.datitech.com/ctrra/backend/internal/rules/evaluator/evaluator.go:63.10,65.5 1 1
git.datitech.com/ctrra/backend/internal/rules/evaluator/evaluator.go:70.2,72.16 3 1
git.datitech.com/ctrra/backend/internal/rules/evaluator/evaluator.go:72.16,74.3 1 0
git.datitech.com/ctrra/backend/internal/rules/evaluator/evaluator.go:76.2,79.20 3 1
git.datitech.com/ctrra/backend/internal/rules/evaluator/evaluator.go:83.94,85.2 1 1
git.datitech.com/ctrra/backend/internal/rules/evaluator/evaluator.go:88.88,90.2 1 1
git.datitech.com/ctrra/backend/internal/rules/evaluator/evaluator.go:93.94,94.17 1 1
git.datitech.com/ctrra/backend/internal/rules/evaluator/evaluator.go:94.17,96.3 1 1
git.datitech.com/ctrra/backend/internal/rules/evaluator/evaluator.go:98.2,98.19 1 1
git.datitech.com/ctrra/backend/internal/rules/evaluator/evaluator.go:99.21,100.19 1 1
git.datitech.com/ctrra/backend/internal/rules/evaluator/evaluator.go:102.18,105.14 2 1
git.datitech.com/ctrra/backend/internal/rules/evaluator/evaluator.go:105.14,107.4 1 1
git.datitech.com/ctrra/backend/internal/rules/evaluator/evaluator.go:108.3,108.55 1 1
git.datitech.com/ctrra/backend/internal/rules/evaluator/evaluator.go:110.13,111.40 1 1
git.datitech.com/ctrra/backend/internal/rules/evaluator/evaluator.go:111.40,113.18 2 1
git.datitech.com/ctrra/backend/internal/rules/evaluator/evaluator.go:113.18,115.5 1 0
git.datitech.com/ctrra/backend/internal/rules/evaluator/evaluator.go:116.4,116.14 1 1
git.datitech.com/ctrra/backend/internal/rules/evaluator/evaluator.go:116.14,118.5 1 1
git.datitech.com/ctrra/backend/internal/rules/evaluator/evaluator.go:120.3,120.19 1 1
git.datitech.com/ctrra/backend/internal/rules/evaluator/evaluator.go:122.12,123.40 1 1
git.datitech.com/ctrra/backend/internal/rules/evaluator/evaluator.go:123.40,125.18 2 1
git.datitech.com/ctrra/backend/internal/rules/evaluator/evaluator.go:125.18,127.5 1 0
git.datitech.com/ctrra/backend/internal/rules/evaluator/evaluator.go:128.4,128.13 1 1
git.datitech.com/ctrra/backend/internal/rules/evaluator/evaluator.go:128.13,130.5 1 1
git.datitech.com/ctrra/backend/internal/rules/evaluator/evaluator.go:132.3,132.20 1 1
git.datitech.com/ctrra/backend/internal/rules/evaluator/evaluator.go:134.13,136.17 2 1
git.datitech.com/ctrra/backend/internal/rules/evaluator/evaluator.go:136.17,138.4 1 0
git.datitech.com/ctrra/backend/internal/rules/evaluator/evaluator.go:139.3,139.21 1 1
git.datitech.com/ctrra/backend/internal/rules/evaluator/evaluator.go:141.16,143.17 2 1
git.datitech.com/ctrra/backend/internal/rules/evaluator/evaluator.go:143.17,145.4 1 1
git.datitech.com/ctrra/backend/internal/rules/evaluator/evaluator.go:146.3,146.55 1 1
git.datitech.com/ctrra/backend/internal/rules/evaluator/evaluator.go:148.17,150.17 2 1
git.datitech.com/ctrra/backend/internal/rules/evaluator/evaluator.go:150.17,152.4 1 0
git.datitech.com/ctrra/backend/internal/rules/evaluator/evaluator.go:153.3,153.64 1 1
git.datitech.com/ctrra/backend/internal/rules/evaluator/evaluator.go:155.25,157.17 2 1
git.datitech.com/ctrra/backend/internal/rules/evaluator/evaluator.go:157.17,159.4 1 0
git.datitech.com/ctrra/backend/internal/rules/evaluator/evaluator.go:160.3,161.10 2 1
git.datitech.com/ctrra/backend/internal/rules/evaluator/evaluator.go:161.10,163.4 1 1
git.datitech.com/ctrra/backend/internal/rules/evaluator/evaluator.go:164.3,165.17 2 1
git.datitech.com/ctrra/backend/internal/rules/evaluator/evaluator.go:165.17,167.4 1 1
git.datitech.com/ctrra/backend/internal/rules/evaluator/evaluator.go:168.3,168.44 1 1
git.datitech.com/ctrra/backend/internal/rules/evaluator/evaluator.go:170.24,172.17 2 1
git.datitech.com/ctrra/backend/internal/rules/evaluator/evaluator.go:172.17,174.4 1 0
git.datitech.com/ctrra/backend/internal/rules/evaluator/evaluator.go:175.3,176.10 2 1
git.datitech.com/ctrra/backend/internal/rules/evaluator/evaluator.go:176.10,178.4 1 0
git.datitech.com/ctrra/backend/internal/rules/evaluator/evaluator.go:179.3,180.17 2 1
git.datitech.com/ctrra/backend/internal/rules/evaluator/evaluator.go:180.17,182.4 1 1
git.datitech.com/ctrra/backend/internal/rules/evaluator/evaluator.go:183.3,183.43 1 1
git.datitech.com/ctrra/backend/internal/rules/evaluator/evaluator.go:185.26,187.17 2 1
git.datitech.com/ctrra/backend/internal/rules/evaluator/evaluator.go:187.17,189.4 1 0
git.datitech.com/ctrra/backend/internal/rules/evaluator/evaluator.go:190.3,191.10 2 1
git.datitech.com/ctrra/backend/internal/rules/evaluator/evaluator.go:191.10,193.4 1 0
git.datitech.com/ctrra/backend/internal/rules/evaluator/evaluator.go:194.3,195.17 2 1
git.datitech.com/ctrra/backend/internal/rules/evaluator/evaluator.go:195.17,197.4 1 1
git.datitech.com/ctrra/backend/internal/rules/evaluator/evaluator.go:198.3,199.17 2 1
git.datitech.com/ctrra/backend/internal/rules/evaluator/evaluator.go:199.17,201.4 1 1
git.datitech.com/ctrra/backend/internal/rules/evaluator/evaluator.go:202.3,203.64 1 1
git.datitech.com/ctrra/backend/internal/rules/evaluator/evaluator.go:205.22,207.25 2 1
git.datitech.com/ctrra/backend/internal/rules/evaluator/evaluator.go:209.21,211.17 2 1
git.datitech.com/ctrra/backend/internal/rules/evaluator/evaluator.go:211.17,213.4 1 1
git.datitech.com/ctrra/backend/internal/rules/evaluator/evaluator.go:214.3,214.36 1 1
git.datitech.com/ctrra/backend/internal/rules/evaluator/evaluator.go:216.17,218.17 2 1
git.datitech.com/ctrra/backend/internal/rules/evaluator/evaluator.go:218.17,220.4 1 0
git.datitech.com/ctrra/backend/internal/rules/evaluator/evaluator.go:221.3,222.17 2 1
git.datitech.com/ctrra/backend/internal/rules/evaluator/evaluator.go:222.17,224.4 1 1
git.datitech.com/ctrra/backend/internal/rules/evaluator/evaluator.go:225.3,225.58 1 1
git.datitech.com/ctrra/backend/internal/rules/evaluator/evaluator.go:227.19,229.17 2 1
git.datitech.com/ctrra/backend/internal/rules/evaluator/evaluator.go:229.17,231.4 1 1
git.datitech.com/ctrra/backend/internal/rules/evaluator/evaluator.go:232.3,233.10 2 1
git.datitech.com/ctrra/backend/internal/rules/evaluator/evaluator.go:233.10,235.4 1 1
git.datitech.com/ctrra/backend/internal/rules/evaluator/evaluator.go:236.3,236.33 1 1
git.datitech.com/ctrra/backend/internal/rules/evaluator/evaluator.go:236.33,240.18 3 1
git.datitech.com/ctrra/backend/internal/rules/evaluator/evaluator.go:240.18,242.5 1 0
git.datitech.com/ctrra/backend/internal/rules/evaluator/evaluator.go:243.4,243.13 1 1
git.datitech.com/ctrra/backend/internal/rules/evaluator/evaluator.go:243.13,245.5 1 1
git.datitech.com/ctrra/backend/internal/rules/evaluator/evaluator.go:247.3,247.20 1 1
git.datitech.com/ctrra/backend/internal/rules/evaluator/evaluator.go:249.19,251.17 2 1
git.datitech.com/ctrra/backend/internal/rules/evaluator/evaluator.go:251.17,253.4 1 1
git.datitech.com/ctrra/backend/internal/rules/evaluator/evaluator.go:254.3,255.10 2 1
git.datitech.com/ctrra/backend/internal/rules/evaluator/evaluator.go:255.10,257.4 1 1
git.datitech.com/ctrra/backend/internal/rules/evaluator/evaluator.go:258.3,258.33 1 1
git.datitech.com/ctrra/backend/internal/rules/evaluator/evaluator.go:258.33,261.18 3 1
git.datitech.com/ctrra/backend/internal/rules/evaluator/evaluator.go:261.18,263.5 1 0
git.datitech.com/ctrra/backend/internal/rules/evaluator/evaluator.go:264.4,264.14 1 1
git.datitech.com/ctrra/backend/internal/rules/evaluator/evaluator.go:264.14,266.5 1 1
git.datitech.com/ctrra/backend/internal/rules/evaluator/evaluator.go:268.3,268.19 1 1
git.datitech.com/ctrra/backend/internal/rules/evaluator/evaluator.go:270.10,271.69 1 1
git.datitech.com/ctrra/backend/internal/rules/evaluator/evaluator.go:276.88,278.30 1 1
git.datitech.com/ctrra/backend/internal/rules/evaluator/evaluator.go:278.30,280.3 1 1
git.datitech.com/ctrra/backend/internal/rules/evaluator/evaluator.go:281.2,281.26 1 1
git.datitech.com/ctrra/backend/internal/rules/evaluator/evaluator.go:281.26,283.3 1 1
git.datitech.com/ctrra/backend/internal/rules/evaluator/evaluator.go:285.2,288.18 3 1
git.datitech.com/ctrra/backend/internal/rules/evaluator/evaluator.go:289.14,290.21 1 1
git.datitech.com/ctrra/backend/internal/rules/evaluator/evaluator.go:291.14,292.21 1 1
git.datitech.com/ctrra/backend/internal/rules/evaluator/evaluator.go:293.16,294.23 1 1
git.datitech.com/ctrra/backend/internal/rules/evaluator/evaluator.go:295.19,297.21 1 1
git.datitech.com/ctrra/backend/internal/rules/evaluator/evaluator.go:297.21,299.4 1 0
git.datitech.com/ctrra/backend/internal/rules/evaluator/evaluator.go:300.3,300.32 1 1
git.datitech.com/ctrra/backend/internal/rules/evaluator/evaluator.go:300.32,302.4 1 0
git.datitech.com/ctrra/backend/internal/rules/evaluator/evaluator.go:303.3,304.14 2 1
git.datitech.com/ctrra/backend/internal/rules/evaluator/evaluator.go:304.14,306.4 1 0
git.datitech.com/ctrra/backend/internal/rules/evaluator/evaluator.go:307.3,307.20 1 1
git.datitech.com/ctrra/backend/internal/rules/evaluator/evaluator.go:308.10,309.61 1 1
git.datitech.com/ctrra/backend/internal/rules/evaluator/evaluator.go:313.2,313.34 1 1
git.datitech.com/ctrra/backend/internal/rules/evaluator/evaluator.go:313.34,314.21 1 1
git.datitech.com/ctrra/backend/internal/rules/evaluator/evaluator.go:314.21,316.4 1 0
git.datitech.com/ctrra/backend/internal/rules/evaluator/evaluator.go:318.3,318.30 1 1
git.datitech.com/ctrra/backend/internal/rules/evaluator/evaluator.go:319.31,322.15 3 1
git.datitech.com/ctrra/backend/internal/rules/evaluator/evaluator.go:322.15,324.5 1 1
git.datitech.com/ctrra/backend/internal/rules/evaluator/evaluator.go:325.11,328.32 2 0
git.datitech.com/ctrra/backend/internal/rules/evaluator/evaluator.go:328.32,330.5 1 0
git.datitech.com/ctrra/backend/internal/rules/evaluator/evaluator.go:331.4,331.32 1 0
git.datitech.com/ctrra/backend/internal/rules/evaluator/evaluator.go:331.32,334.25 3 0
git.datitech.com/ctrra/backend/internal/rules/evaluator/evaluator.go:334.25,336.6 1 0
git.datitech.com/ctrra/backend/internal/rules/evaluator/evaluator.go:337.5,337.32 1 0
git.datitech.com/ctrra/backend/internal/rules/evaluator/evaluator.go:338.10,340.5 1 0
git.datitech.com/ctrra/backend/internal/rules/evaluator/evaluator.go:344.2,344.21 1 1
git.datitech.com/ctrra/backend/internal/rules/evaluator/evaluator.go:348.84,349.18 1 1
git.datitech.com/ctrra/backend/internal/rules/evaluator/evaluator.go:350.18,354.17 3 1
git.datitech.com/ctrra/backend/internal/rules/evaluator/evaluator.go:354.17,356.24 1 1
git.datitech.com/ctrra/backend/internal/rules/evaluator/evaluator.go:356.24,358.5 1 1
git.datitech.com/ctrra/backend/internal/rules/evaluator/evaluator.go:359.4,359.32 1 1
git.datitech.com/ctrra/backend/internal/rules/evaluator/evaluator.go:362.3,362.23 1 1
git.datitech.com/ctrra/backend/internal/rules/evaluator/evaluator.go:362.23,364.4 1 1
git.datitech.com/ctrra/backend/internal/rules/evaluator/evaluator.go:365.3,365.39 1 0
git.datitech.com/ctrra/backend/internal/rules/evaluator/evaluator.go:366.28,367.42 1 1
git.datitech.com/ctrra/backend/internal/rules/evaluator/evaluator.go:368.10,369.61 1 1
git.datitech.com/ctrra/backend/internal/rules/evaluator/evaluator.go:374.85,378.18 3 1
git.datitech.com/ctrra/backend/internal/rules/evaluator/evaluator.go:378.18,380.3 1 1
git.datitech.com/ctrra/backend/internal/rules/evaluator/evaluator.go:382.2,382.18 1 1
git.datitech.com/ctrra/backend/internal/rules/evaluator/evaluator.go:383.11,384.30 1 1
git.datitech.com/ctrra/backend/internal/rules/evaluator/evaluator.go:385.11,386.30 1 1
git.datitech.com/ctrra/backend/internal/rules/evaluator/evaluator.go:387.12,388.31 1 1
git.datitech.com/ctrra/backend/internal/rules/evaluator/evaluator.go:389.12,390.31 1 1
git.datitech.com/ctrra/backend/internal/rules/evaluator/evaluator.go:391.10,392.61 1 0
git.datitech.com/ctrra/backend/internal/rules/evaluator/evaluator.go:397.62,398.25 1 1
git.datitech.com/ctrra/backend/internal/rules/evaluator/evaluator.go:399.11,400.28 1 1
git.datitech.com/ctrra/backend/internal/rules/evaluator/evaluator.go:401.13,402.28 1 1
git.datitech.com/ctrra/backend/internal/rules/evaluator/evaluator.go:403.15,404.28 1 1
git.datitech.com/ctrra/backend/internal/rules/evaluator/evaluator.go:405.15,406.19 1 1
git.datitech.com/ctrra/backend/internal/rules/evaluator/evaluator.go:407.10,408.18 1 1
git.datitech.com/ctrra/backend/internal/rules/evaluator/evaluator.go:413.49,414.14 1 1
git.datitech.com/ctrra/backend/internal/rules/evaluator/evaluator.go:414.14,416.3 1 1
git.datitech.com/ctrra/backend/internal/rules/evaluator/evaluator.go:418.2,419.19 2 1
git.datitech.com/ctrra/backend/internal/rules/evaluator/evaluator.go:420.22,421.23 1 1
git.datitech.com/ctrra/backend/internal/rules/evaluator/evaluator.go:422.49,423.23 1 1
git.datitech.com/ctrra/backend/internal/rules/evaluator/evaluator.go:424.19,425.20 1 0
git.datitech.com/ctrra/backend/internal/rules/evaluator/evaluator.go:426.10,427.15 1 1
git.datitech.com/ctrra/backend/internal/rules/evaluator/evaluator.go:432.96,434.51 1 1
git.datitech.com/ctrra/backend/internal/rules/evaluator/evaluator.go:434.51,436.3 1 0
git.datitech.com/ctrra/backend/internal/rules/evaluator/evaluator.go:438.2,440.13 3 1
git.datitech.com/ctrra/backend/internal/rules/evaluator/evaluator.go:440.13,442.3 1 1
git.datitech.com/ctrra/backend/internal/rules/evaluator/evaluator.go:444.2,445.9 2 1
git.datitech.com/ctrra/backend/internal/rules/evaluator/evaluator.go:445.9,447.3 1 0
git.datitech.com/ctrra/backend/internal/rules/evaluator/evaluator.go:449.2,449.23 1 1
git.datitech.com/ctrra/backend/internal/rules/evaluator/evaluator.go:453.91,454.28 1 1
git.datitech.com/ctrra/backend/internal/rules/evaluator/evaluator.go:454.28,455.23 1 1
git.datitech.com/ctrra/backend/internal/rules/evaluator/evaluator.go:455.23,458.11 2 1
git.datitech.com/ctrra/backend/internal/rules/evaluator/evaluator.go:458.11,459.13 1 0
git.datitech.com/ctrra/backend/internal/rules/evaluator/evaluator.go:461.4,461.36 1 1
git.datitech.com/ctrra/backend/internal/rules/evaluator/evaluator.go:461.36,463.5 1 1
git.datitech.com/ctrra/backend/internal/rules/evaluator/evaluator.go:464.9,466.38 1 0
git.datitech.com/ctrra/backend/internal/rules/evaluator/evaluator.go:466.38,468.5 1 0
git.datitech.com/ctrra/backend/internal/rules/evaluator/evaluator.go:471.2,471.14 1 1
git.datitech.com/ctrra/backend/internal/rules/evaluator/evaluator.go:475.94,478.9 2 1
git.datitech.com/ctrra/backend/internal/rules/evaluator/evaluator.go:478.9,480.3 1 0
git.datitech.com/ctrra/backend/internal/rules/evaluator/evaluator.go:482.2,490.3 1 1
git.datitech.com/ctrra/backend/internal/rules/calculator/calculator.go:18.54,22.2 1 1
git.datitech.com/ctrra/backend/internal/rules/calculator/calculator.go:25.120,39.46 5 1
git.datitech.com/ctrra/backend/internal/rules/calculator/calculator.go:39.46,41.3 1 1
git.datitech.com/ctrra/backend/internal/rules/calculator/calculator.go:44.2,44.37 1 1
git.datitech.com/ctrra/backend/internal/rules/calculator/calculator.go:44.37,46.63 2 0
git.datitech.com/ctrra/backend/internal/rules/calculator/calculator.go:46.63,48.4 1 0
git.datitech.com/ctrra/backend/internal/rules/calculator/calculator.go:52.2,52.35 1 1
git.datitech.com/ctrra/backend/internal/rules/calculator/calculator.go:52.35,54.29 2 1
git.datitech.com/ctrra/backend/internal/rules/calculator/calculator.go:54.29,55.12 1 0
git.datitech.com/ctrra/backend/internal/rules/calculator/calculator.go:58.3,60.27 2 1
git.datitech.com/ctrra/backend/internal/rules/calculator/calculator.go:61.20,63.61 1 1
git.datitech.com/ctrra/backend/internal/rules/calculator/calculator.go:63.61,65.5 1 0
git.datitech.com/ctrra/backend/internal/rules/calculator/calculator.go:67.19,69.76 1 1
git.datitech.com/ctrra/backend/internal/rules/calculator/calculator.go:69.76,71.5 1 0
git.datitech.com/ctrra/backend/internal/rules/calculator/calculator.go:76.2,81.37 2 1
git.datitech.com/ctrra/backend/internal/rules/calculator/calculator.go:81.37,83.63 2 0
git.datitech.com/ctrra/backend/internal/rules/calculator/calculator.go:83.63,85.4 1 0
git.datitech.com/ctrra/backend/internal/rules/calculator/calculator.go:89.2,89.35 1 1
git.datitech.com/ctrra/backend/internal/rules/calculator/calculator.go:89.35,91.29 2 1
git.datitech.com/ctrra/backend/internal/rules/calculator/calculator.go:91.29,92.12 1 0
git.datitech.com/ctrra/backend/internal/rules/calculator/calculator.go:95.3,95.27 1 1
git.datitech.com/ctrra/backend/internal/rules/calculator/calculator.go:96.30,97.69 1 1
git.datitech.com/ctrra/backend/internal/rules/calculator/calculator.go:97.69,99.5 1 0
git.datitech.com/ctrra/backend/internal/rules/calculator/calculator.go:101.25,102.64 1 1
git.datitech.com/ctrra/backend/internal/rules/calculator/calculator.go:102.64,104.5 1 0
git.datitech.com/ctrra/backend/internal/rules/calculator/calculator.go:106.20,107.66 1 0
git.datitech.com/ctrra/backend/internal/rules/calculator/calculator.go:107.66,109.5 1 0
git.datitech.com/ctrra/backend/internal/rules/calculator/calculator.go:114.2,120.30 3 1
git.datitech.com/ctrra/backend/internal/rules/calculator/calculator.go:120.30,122.3 1 1
git.datitech.com/ctrra/backend/internal/rules/calculator/calculator.go:124.2,124.37 1 1
git.datitech.com/ctrra/backend/internal/rules/calculator/calculator.go:128.88,131.16 2 1
git.datitech.com/ctrra/backend/internal/rules/calculator/calculator.go:131.16,133.3 1 0
git.datitech.com/ctrra/backend/internal/rules/calculator/calculator.go:135.2,136.18 2 1
git.datitech.com/ctrra/backend/internal/rules/calculator/calculator.go:136.18,138.3 1 1
git.datitech.com/ctrra/backend/internal/rules/calculator/calculator.go:140.2,150.12 2 1
git.datitech.com/ctrra/backend/internal/rules/calculator/calculator.go:154.136,158.32 2 1
git.datitech.com/ctrra/backend/internal/rules/calculator/calculator.go:158.32,160.17 2 1
git.datitech.com/ctrra/backend/internal/rules/calculator/calculator.go:160.17,161.56 1 1
git.datitech.com/ctrra/backend/internal/rules/calculator/calculator.go:161.56,163.5 1 1
git.datitech.com/ctrra/backend/internal/rules/calculator/calculator.go:167.2,167.19 1 1
git.datitech.com/ctrra/backend/internal/rules/calculator/calculator.go:167.19,169.3 1 1
git.datitech.com/ctrra/backend/internal/rules/calculator/calculator.go:171.2,172.18 2 1
git.datitech.com/ctrra/backend/internal/rules/calculator/calculator.go:172.18,174.3 1 0
git.datitech.com/ctrra/backend/internal/rules/calculator/calculator.go:176.2,180.30 3 1
git.datitech.com/ctrra/backend/internal/rules/calculator/calculator.go:180.30,183.17 2 1
git.datitech.com/ctrra/backend/internal/rules/calculator/calculator.go:183.17,185.4 1 0
git.datitech.com/ctrra/backend/internal/rules/calculator/calculator.go:186.3,188.15 3 1
git.datitech.com/ctrra/backend/internal/rules/calculator/calculator.go:189.8,189.36 1 1
git.datitech.com/ctrra/backend/internal/rules/calculator/calculator.go:189.36,192.17 2 1
git.datitech.com/ctrra/backend/internal/rules/calculator/calculator.go:192.17,194.4 1 0
git.datitech.com/ctrra/backend/internal/rules/calculator/calculator.go:195.3,196.56 2 1
git.datitech.com/ctrra/backend/internal/rules/calculator/calculator.go:197.8,199.3 1 0
git.datitech.com/ctrra/backend/internal/rules/calculator/calculator.go:201.2,211.12 2 1
git.datitech.com/ctrra/backend/internal/rules/calculator/calculator.go:215.106,217.16 2 1
git.datitech.com/ctrra/backend/internal/rules/calculator/calculator.go:217.16,219.3 1 0
git.datitech.com/ctrra/backend/internal/rules/calculator/calculator.go:221.2,222.23 2 1
git.datitech.com/ctrra/backend/internal/rules/calculator/calculator.go:222.23,224.3 1 1
git.datitech.com/ctrra/backend/internal/rules/calculator/calculator.go:226.2,228.33 2 1
git.datitech.com/ctrra/backend/internal/rules/calculator/calculator.go:228.33,230.26 1 1
git.datitech.com/ctrra/backend/internal/rules/calculator/calculator.go:230.26,231.46 1 1
git.datitech.com/ctrra/backend/internal/rules/calculator/calculator.go:231.46,232.44 1 1
git.datitech.com/ctrra/backend/internal/rules/calculator/calculator.go:232.44,236.6 3 1
git.datitech.com/ctrra/backend/internal/rules/calculator/calculator.go:238.9,238.55 1 1
git.datitech.com/ctrra/backend/internal/rules/calculator/calculator.go:238.55,240.41 1 1
git.datitech.com/ctrra/backend/internal/rules/calculator/calculator.go:240.41,244.5 3 1
git.datitech.com/ctrra/backend/internal/rules/calculator/calculator.go:245.9,247.55 1 1
git.datitech.com/ctrra/backend/internal/rules/calculator/calculator.go:247.55,251.5 3 1
git.datitech.com/ctrra/backend/internal/rules/calculator/calculator.go:255.2,255.29 1 1
git.datitech.com/ctrra/backend/internal/rules/calculator/calculator.go:255.29,264.3 1 1
git.datitech.com/ctrra/backend/internal/rules/calculator/calculator.go:266.2,266.12 1 1
git.datitech.com/ctrra/backend/internal/rules/calculator/calculator.go:270.101,272.16 2 1
git.datitech.com/ctrra/backend/internal/rules/calculator/calculator.go:272.16,274.3 1 0
git.datitech.com/ctrra/backend/internal/rules/calculator/calculator.go:276.2,277.23 2 1
git.datitech.com/ctrra/backend/internal/rules/calculator/calculator.go:277.23,279.3 1 1
git.datitech.com/ctrra/backend/internal/rules/calculator/calculator.go:281.2,283.33 2 1
git.datitech.com/ctrra/backend/internal/rules/calculator/calculator.go:283.33,284.48 1 1
git.datitech.com/ctrra/backend/internal/rules/calculator/calculator.go:284.48,288.41 2 1
git.datitech.com/ctrra/backend/internal/rules/calculator/calculator.go:288.41,290.5 1 1
git.datitech.com/ctrra/backend/internal/rules/calculator/calculator.go:292.4,292.22 1 1
git.datitech.com/ctrra/backend/internal/rules/calculator/calculator.go:292.22,293.42 1 1
git.datitech.com/ctrra/backend/internal/rules/calculator/calculator.go:293.42,298.6 4 1
git.datitech.com/ctrra/backend/internal/rules/calculator/calculator.go:300.9,302.55 1 1
git.datitech.com/ctrra/backend/internal/rules/calculator/calculator.go:302.55,304.46 2 1
git.datitech.com/ctrra/backend/internal/rules/calculator/calculator.go:304.46,306.6 1 1
git.datitech.com/ctrra/backend/internal/rules/calculator/calculator.go:307.5,308.36 2 1
git.datitech.com/ctrra/backend/internal/rules/calculator/calculator.go:313.2,313.23 1 1
git.datitech.com/ctrra/backend/internal/rules/calculator/calculator.go:313.23,322.3 1 1
git.datitech.com/ctrra/backend/internal/rules/calculator/calculator.go:324.2,324.12 1 1
git.datitech.com/ctrra/backend/internal/rules/calculator/calculator.go:328.93,330.16 2 1
git.datitech.com/ctrra/backend/internal/rules/calculator/calculator.go:330.16,332.3 1 0
git.datitech.com/ctrra/backend/internal/rules/calculator/calculator.go:334.2,335.23 2 1
git.datitech.com/ctrra/backend/internal/rules/calculator/calculator.go:335.23,337.3 1 0
git.datitech.com/ctrra/backend/internal/rules/calculator/calculator.go:339.2,339.33 1 1
git.datitech.com/ctrra/backend/internal/rules/calculator/calculator.go:339.33,340.24 1 1
git.datitech.com/ctrra/backend/internal/rules/calculator/calculator.go:340.24,343.41 2 1
git.datitech.com/ctrra/backend/internal/rules/calculator/calculator.go:343.41,345.5 1 1
git.datitech.com/ctrra/backend/internal/rules/calculator/calculator.go:347.4,347.29 1 1
git.datitech.com/ctrra/backend/internal/rules/calculator/calculator.go:347.29,350.42 2 1
git.datitech.com/ctrra/backend/internal/rules/calculator/calculator.go:350.42,352.6 1 1
git.datitech.com/ctrra/backend/internal/rules/calculator/calculator.go:354.9,356.55 1 1
git.datitech.com/ctrra/backend/internal/rules/calculator/calculator.go:356.55,357.40 1 1
git.datitech.com/ctrra/backend/internal/rules/calculator/calculator.go:357.40,359.6 1 1
git.datitech.com/ctrra/backend/internal/rules/calculator/calculator.go:364.2,364.12 1 1
git.datitech.com/ctrra/backend/internal/rules/calculator/calculator.go:368.79,370.39 2 1
git.datitech.com/ctrra/backend/internal/rules/calculator/calculator.go:370.39,372.3 1 1
git.datitech.com/ctrra/backend/internal/rules/calculator/calculator.go:373.2,373.14 1 1
git.datitech.com/ctrra/backend/internal/rules/calculator/calculator.go:377.84,381.39 3 1
git.datitech.com/ctrra/backend/internal/rules/calculator/calculator.go:381.39,384.3 2 1
git.datitech.com/ctrra/backend/internal/rules/calculator/calculator.go:386.2,386.40 1 1
git.datitech.com/ctrra/backend/internal/rules/calculator/calculator.go:390.81,392.39 2 1
git.datitech.com/ctrra/backend/internal/rules/calculator/calculator.go:392.39,395.3 2 1
git.datitech.com/ctrra/backend/internal/rules/calculator/calculator.go:396.2,396.14 1 1
git.datitech.com/ctrra/backend/internal/rules/calculator/calculator.go:400.67,402.34 1 1
git.datitech.com/ctrra/backend/internal/rules/calculator/calculator.go:402.34,403.47 1 1
git.datitech.com/ctrra/backend/internal/rules/calculator/calculator.go:403.47,406.34 2 1
git.datitech.com/ctrra/backend/internal/rules/calculator/calculator.go:406.34,407.65 1 1
git.datitech.com/ctrra/backend/internal/rules/calculator/calculator.go:407.65,409.6 1 1
git.datitech.com/ctrra/backend/internal/rules/calculator/calculator.go:411.4,411.59 1 0
git.datitech.com/ctrra/backend/internal/rules/calculator/calculator.go:414.3,414.71 1 0
git.datitech.com/ctrra/backend/internal/rules/calculator/calculator.go:418.2,418.23 1 1
git.datitech.com/ctrra/backend/internal/rules/calculator/calculator.go:422.64,423.25 1 1
git.datitech.com/ctrra/backend/internal/rules/calculator/calculator.go:424.11,425.27 1 1
git.datitech.com/ctrra/backend/internal/rules/calculator/calculator.go:426.13,427.27 1 0
git.datitech.com/ctrra/backend/internal/rules/calculator/calculator.go:428.15,429.27 1 0
git.datitech.com/ctrra/backend/internal/rules/calculator/calculator.go:430.15,431.18 1 1
git.datitech.com/ctrra/backend/internal/rules/calculator/calculator.go:432.10,433.58 1 0
